[debug] [2022-03-29T06:12:31.407Z] ----------------------------------------------------------------------
[debug] [2022-03-29T06:12:31.408Z] Command:       /Users/soromiso/.nvm/versions/node/v16.14.2/bin/node /Users/soromiso/.nvm/versions/node/v16.14.2/bin/firebase init
[debug] [2022-03-29T06:12:31.409Z] CLI Version:   10.5.0
[debug] [2022-03-29T06:12:31.409Z] Platform:      darwin
[debug] [2022-03-29T06:12:31.409Z] Node Version:  v16.14.2
[debug] [2022-03-29T06:12:31.410Z] Time:          Tue Mar 29 2022 15:12:31 GMT+0900 (Korean Standard Time)
[debug] [2022-03-29T06:12:31.410Z] ----------------------------------------------------------------------
[debug] 
[debug] [2022-03-29T06:12:31.414Z] > command requires scopes: ["email","openid","https://www.googleapis.com/auth/cloudplatformprojects.readonly","https://www.googleapis.com/auth/firebase","https://www.googleapis.com/auth/cloud-platform"]
[debug] [2022-03-29T06:12:31.414Z] > authorizing via signed-in user (soromiso@gmail.com)
[info] 
     ######## #### ########  ######## ########     ###     ######  ########
     ##        ##  ##     ## ##       ##     ##  ##   ##  ##       ##
     ######    ##  ########  ######   ########  #########  ######  ######
     ##        ##  ##    ##  ##       ##     ## ##     ##       ## ##
     ##       #### ##     ## ######## ########  ##     ##  ######  ########

You're about to initialize a Firebase project in this directory:

  /Users/soromiso/Desktop/GitHubForSoro/ReactJsEx/tesla-clone

[info] 
=== Project Setup
[info] 
[info] First, let's associate this project directory with a Firebase project.
[info] You can create multiple project aliases by running firebase use --add, 
[info] but for now we'll just set up a default project.
[info] 
[debug] [2022-03-29T06:12:53.599Z] >>> [apiv2][query] GET https://firebase.googleapis.com/v1beta1/projects pageSize=100
[debug] [2022-03-29T06:12:54.479Z] <<< [apiv2][status] GET https://firebase.googleapis.com/v1beta1/projects 200
[debug] [2022-03-29T06:12:54.479Z] <<< [apiv2][body] GET https://firebase.googleapis.com/v1beta1/projects [omitted]
[info] i  Using project reactpwateslaclone (reactPwaTeslaClone) 
[info] 
=== Hosting Setup
[info] 
[info] Your public directory is the folder (relative to your project directory) that
[info] will contain Hosting assets to be uploaded with firebase deploy. If you
[info] have a build process for your assets, use your build's output directory.
[info] 
